0 info it worked if it ends with ok
1 verbose cli [ '/home/mean/.nvm/versions/node/v6.2.2/bin/node',
1 verbose cli   '/home/mean/.nvm/versions/node/v6.2.2/bin/npm',
1 verbose cli   'install',
1 verbose cli   'react-redux',
1 verbose cli   '--save' ]
2 info using npm@3.9.5
3 info using node@v6.2.2
4 silly loadCurrentTree Starting
5 silly install loadCurrentTree
6 silly install readLocalPackageData
7 silly fetchPackageMetaData react-redux
8 silly fetchNamedPackageData react-redux
9 silly mapToRegistry name react-redux
10 silly mapToRegistry using default registry
11 silly mapToRegistry registry http://npm.rmcloud.com:8123/
12 silly mapToRegistry data Result {
12 silly mapToRegistry   raw: 'react-redux',
12 silly mapToRegistry   scope: null,
12 silly mapToRegistry   name: 'react-redux',
12 silly mapToRegistry   rawSpec: '',
12 silly mapToRegistry   spec: 'latest',
12 silly mapToRegistry   type: 'tag' }
13 silly mapToRegistry uri http://npm.rmcloud.com:8123/react-redux
14 verbose request uri http://npm.rmcloud.com:8123/react-redux
15 verbose request always-auth set; sending authorization
16 info attempt registry request try #1 at 11:08:48 AM
17 verbose request id 3ccfbe19081ecad4
18 http request GET http://npm.rmcloud.com:8123/react-redux
19 http 200 http://npm.rmcloud.com:8123/react-redux
20 verbose headers { 'content-type': 'application/json',
20 verbose headers   date: 'Sat, 19 Nov 2016 16:16:19 GMT',
20 verbose headers   connection: 'keep-alive',
20 verbose headers   'transfer-encoding': 'chunked' }
21 silly get cb [ 200,
21 silly get   { 'content-type': 'application/json',
21 silly get     date: 'Sat, 19 Nov 2016 16:16:19 GMT',
21 silly get     connection: 'keep-alive',
21 silly get     'transfer-encoding': 'chunked' } ]
22 verbose get saving react-redux to /home/mean/.npm/npm.rmcloud.com_8123/react-redux/.cache.json
23 verbose correctMkdir /home/mean/.npm correctMkdir not in flight; initializing
24 silly install normalizeTree
25 silly loadCurrentTree Finishing
26 silly loadIdealTree Starting
27 silly install loadIdealTree
28 silly cloneCurrentTree Starting
29 silly install cloneCurrentTreeToIdealTree
30 silly cloneCurrentTree Finishing
31 silly loadShrinkwrap Starting
32 silly install loadShrinkwrap
33 silly loadShrinkwrap Finishing
34 silly loadAllDepsIntoIdealTree Starting
35 silly install loadAllDepsIntoIdealTree
36 silly rollbackFailedOptional Starting
37 silly rollbackFailedOptional Finishing
38 silly runTopLevelLifecycles Starting
39 silly runTopLevelLifecycles Finishing
40 silly install printInstalled
41 verbose stack Error: Refusing to install react-redux as a dependency of itself
41 verbose stack     at checkSelf (/home/mean/.nvm/versions/node/v6.2.2/lib/node_modules/npm/lib/install/validate-args.js:53:14)
41 verbose stack     at Array.<anonymous> (/home/mean/.nvm/versions/node/v6.2.2/lib/node_modules/npm/node_modules/slide/lib/bind-actor.js:15:8)
41 verbose stack     at LOOP (/home/mean/.nvm/versions/node/v6.2.2/lib/node_modules/npm/node_modules/slide/lib/chain.js:15:14)
41 verbose stack     at chain (/home/mean/.nvm/versions/node/v6.2.2/lib/node_modules/npm/node_modules/slide/lib/chain.js:20:5)
41 verbose stack     at /home/mean/.nvm/versions/node/v6.2.2/lib/node_modules/npm/lib/install/validate-args.js:16:5
41 verbose stack     at /home/mean/.nvm/versions/node/v6.2.2/lib/node_modules/npm/node_modules/slide/lib/async-map.js:52:35
41 verbose stack     at Array.forEach (native)
41 verbose stack     at /home/mean/.nvm/versions/node/v6.2.2/lib/node_modules/npm/node_modules/slide/lib/async-map.js:52:11
41 verbose stack     at Array.forEach (native)
41 verbose stack     at asyncMap (/home/mean/.nvm/versions/node/v6.2.2/lib/node_modules/npm/node_modules/slide/lib/async-map.js:51:8)
42 verbose cwd /home/mean/Documents/Study/reactapp/components
43 error Linux 3.13.0-100-generic
44 error argv "/home/mean/.nvm/versions/node/v6.2.2/bin/node" "/home/mean/.nvm/versions/node/v6.2.2/bin/npm" "install" "react-redux" "--save"
45 error node v6.2.2
46 error npm  v3.9.5
47 error code ENOSELF
48 error Refusing to install react-redux as a dependency of itself
49 error If you need help, you may report this error at:
49 error     <https://github.com/npm/npm/issues>
50 verbose exit [ 1, true ]
